0 info it worked if it ends with ok
1 verbose cli [ 'C:\\Program Files\\nodejs\\\\node.exe',
1 verbose cli   'C:\\Program Files\\nodejs\\node_modules\\npm\\bin\\npm-cli.js',
1 verbose cli   'install',
1 verbose cli   'libxmljs' ]
2 info using npm@2.1.4
3 info using node@v0.10.32
4 verbose node symlink C:\Program Files\nodejs\\node.exe
5 warn package.json fs@0.0.2 fs is also the name of a node core module.
6 warn package.json fs@0.0.2 No description
7 warn package.json fs@0.0.2 No repository field.
8 warn package.json fs@0.0.2 No README data
9 silly cache add args [ 'libxmljs', null ]
10 verbose cache add spec libxmljs
11 silly cache add parsed spec { raw: 'libxmljs',
11 silly cache add   scope: null,
11 silly cache add   name: 'libxmljs',
11 silly cache add   rawSpec: '',
11 silly cache add   spec: '*',
11 silly cache add   type: 'range' }
12 verbose addNamed libxmljs@*
13 silly addNamed semver.valid null
14 silly addNamed semver.validRange *
15 silly addNameRange { name: 'libxmljs', range: '*', hasData: false }
16 verbose mapToRegistry name libxmljs
17 verbose mapToRegistry uri https://registry.npmjs.org/libxmljs
18 verbose addNameRange registry:https://registry.npmjs.org/libxmljs not in flight; fetching
19 verbose request on initialization, where is /libxmljs
20 verbose request after pass 1, where is /libxmljs
21 verbose request url raw /libxmljs
22 verbose request resolving registry [ 'https://registry.npmjs.org/', './libxmljs' ]
23 verbose request after pass 2, where is https://registry.npmjs.org/libxmljs
24 verbose request no auth needed
25 info attempt registry request try #1 at 00:16:00
26 verbose request id c60c419d352bc94d
27 verbose etag "205142BLCETPRERGU2X2FOIZQ"
28 http request GET https://registry.npmjs.org/libxmljs
29 http 304 https://registry.npmjs.org/libxmljs
30 silly registry.get cb [ 304,
30 silly registry.get   { date: 'Tue, 03 Feb 2015 22:16:02 GMT',
30 silly registry.get     server: 'Apache',
30 silly registry.get     via: '1.1 varnish',
30 silly registry.get     'last-modified': 'Tue, 03 Feb 2015 22:16:03 GMT',
30 silly registry.get     'cache-control': 'max-age=60',
30 silly registry.get     etag: '"205142BLCETPRERGU2X2FOIZQ"',
30 silly registry.get     age: '0',
30 silly registry.get     'x-served-by': 'cache-fra1229-FRA',
30 silly registry.get     'x-cache': 'HIT',
30 silly registry.get     'x-cache-hits': '1',
30 silly registry.get     'x-timer': 'S1423001762.854906,VS0,VE422',
30 silly registry.get     vary: 'Accept',
30 silly registry.get     'content-length': '0',
30 silly registry.get     'keep-alive': 'timeout=10, max=50',
30 silly registry.get     connection: 'Keep-Alive' } ]
31 verbose etag https://registry.npmjs.org/libxmljs from cache
32 silly addNameRange number 2 { name: 'libxmljs', range: '*', hasData: true }
33 silly addNameRange versions [ 'libxmljs',
33 silly addNameRange   [ '0.4.1',
33 silly addNameRange     '0.4.2',
33 silly addNameRange     '0.4.3',
33 silly addNameRange     '0.5.0',
33 silly addNameRange     '0.5.1',
33 silly addNameRange     '0.5.2',
33 silly addNameRange     '0.5.3',
33 silly addNameRange     '0.5.4',
33 silly addNameRange     '0.6.0',
33 silly addNameRange     '0.6.1',
33 silly addNameRange     '0.7.0',
33 silly addNameRange     '0.7.1',
33 silly addNameRange     '0.8.0',
33 silly addNameRange     '0.8.1',
33 silly addNameRange     '0.9.0',
33 silly addNameRange     '0.10.0',
33 silly addNameRange     '0.11.0',
33 silly addNameRange     '0.11.1',
33 silly addNameRange     '0.12.0',
33 silly addNameRange     '0.13.0' ] ]
34 verbose addNamed libxmljs@0.13.0
35 silly addNamed semver.valid 0.13.0
36 silly addNamed semver.validRange 0.13.0
37 silly cache afterAdd libxmljs@0.13.0
38 verbose afterAdd C:\Users\gg\AppData\Roaming\npm-cache\libxmljs\0.13.0\package\package.json not in flight; writing
39 verbose afterAdd C:\Users\gg\AppData\Roaming\npm-cache\libxmljs\0.13.0\package\package.json written
40 silly install resolved [ { name: 'libxmljs',
40 silly install resolved     author: { name: 'Marco Rogers' },
40 silly install resolved     contributors: [ [Object] ],
40 silly install resolved     description: 'libxml bindings for v8 javascript engine',
40 silly install resolved     version: '0.13.0',
40 silly install resolved     scripts:
40 silly install resolved      { test: 'node --expose_gc ./node_modules/.bin/nodeunit test',
40 silly install resolved        install: 'node-gyp rebuild' },
40 silly install resolved     repository: { type: 'git', url: 'http://github.com/polotek/libxmljs.git' },
40 silly install resolved     bugs: { url: 'http://github.com/polotek/libxmljs/issues' },
40 silly install resolved     main: './index',
40 silly install resolved     engines: { node: '>=0.8.0' },
40 silly install resolved     dependencies: { bindings: '1.1.1', nan: '1.5.1' },
40 silly install resolved     devDependencies: { nodeunit: '0.9.0' },
40 silly install resolved     gypfile: true,
40 silly install resolved     gitHead: '949c7b3611e16d78fdfc988aa38258203c81fe39',
40 silly install resolved     homepage: 'https://github.com/polotek/libxmljs',
40 silly install resolved     _id: 'libxmljs@0.13.0',
40 silly install resolved     _shasum: '04df28df57a0927452f860148e5f462cbaed08ff',
40 silly install resolved     _from: 'libxmljs@*',
40 silly install resolved     _npmVersion: '2.1.12',
40 silly install resolved     _nodeVersion: '0.10.33',
40 silly install resolved     _npmUser: { name: 'shtylman', email: 'shtylman@gmail.com' },
40 silly install resolved     maintainers: [ [Object], [Object] ],
40 silly install resolved     dist:
40 silly install resolved      { shasum: '04df28df57a0927452f860148e5f462cbaed08ff',
40 silly install resolved        tarball: 'http://registry.npmjs.org/libxmljs/-/libxmljs-0.13.0.tgz' },
40 silly install resolved     directories: {},
40 silly install resolved     _resolved: 'https://registry.npmjs.org/libxmljs/-/libxmljs-0.13.0.tgz',
40 silly install resolved     readme: 'ERROR: No README data found!' } ]
41 info install libxmljs@0.13.0 into C:\Users\gg\IdeaProjects\judgelustration
42 info installOne libxmljs@0.13.0
43 verbose installOne of libxmljs to C:\Users\gg\IdeaProjects\judgelustration not in flight; installing
44 verbose lock using C:\Users\gg\AppData\Roaming\npm-cache\_locks\libxmljs-e30bf487e05229b8.lock for C:\Users\gg\IdeaProjects\judgelustration\node_modules\libxmljs
45 silly install write writing libxmljs 0.13.0 to C:\Users\gg\IdeaProjects\judgelustration\node_modules\libxmljs
46 silly cache addNamed cb libxmljs@0.13.0
47 verbose unbuild node_modules\libxmljs
48 verbose gentlyRm vacuuming C:\Users\gg\IdeaProjects\judgelustration\node_modules\libxmljs
49 verbose tar unpack C:\Users\gg\AppData\Roaming\npm-cache\libxmljs\0.13.0\package.tgz
50 verbose tar unpacking to C:\Users\gg\IdeaProjects\judgelustration\node_modules\libxmljs
51 verbose gentlyRm vacuuming C:\Users\gg\IdeaProjects\judgelustration\node_modules\libxmljs
52 silly gunzTarPerm modes [ '777', '666' ]
53 silly gunzTarPerm extractEntry package.json
54 silly gunzTarPerm modified mode [ 'package.json', 420, 438 ]
55 silly gunzTarPerm extractEntry .npmignore
56 silly gunzTarPerm modified mode [ '.npmignore', 420, 438 ]
57 silly gunzTarPerm extractEntry README.md
58 silly gunzTarPerm modified mode [ 'README.md', 420, 438 ]
59 silly gunzTarPerm extractEntry LICENSE
60 silly gunzTarPerm modified mode [ 'LICENSE', 420, 438 ]
61 silly gunzTarPerm extractEntry index.js
62 silly gunzTarPerm modified mode [ 'index.js', 420, 438 ]
63 silly gunzTarPerm extractEntry examples/cdata.js
64 silly gunzTarPerm modified mode [ 'examples/cdata.js', 420, 438 ]
65 silly gunzTarPerm extractEntry binding.gyp
66 silly gunzTarPerm modified mode [ 'binding.gyp', 420, 438 ]
67 silly gunzTarPerm extractEntry Makefile
68 silly gunzTarPerm modified mode [ 'Makefile', 420, 438 ]
69 silly gunzTarPerm extractEntry lib/bindings.js
70 silly gunzTarPerm modified mode [ 'lib/bindings.js', 420, 438 ]
71 silly gunzTarPerm extractEntry lib/comment.js
72 silly gunzTarPerm modified mode [ 'lib/comment.js', 420, 438 ]
73 silly gunzTarPerm extractEntry lib/document.js
74 silly gunzTarPerm modified mode [ 'lib/document.js', 420, 438 ]
75 silly gunzTarPerm extractEntry lib/element.js
76 silly gunzTarPerm modified mode [ 'lib/element.js', 420, 438 ]
77 silly gunzTarPerm extractEntry lib/sax_parser.js
78 silly gunzTarPerm modified mode [ 'lib/sax_parser.js', 420, 438 ]
79 silly gunzTarPerm extractEntry test/attribute.js
80 silly gunzTarPerm modified mode [ 'test/attribute.js', 420, 438 ]
81 silly gunzTarPerm extractEntry test/element.js
82 silly gunzTarPerm modified mode [ 'test/element.js', 420, 438 ]
83 silly gunzTarPerm extractEntry test/xml_parser.js
84 silly gunzTarPerm modified mode [ 'test/xml_parser.js', 420, 438 ]
85 silly gunzTarPerm extractEntry test/html_parser.js
86 silly gunzTarPerm modified mode [ 'test/html_parser.js', 420, 438 ]
87 silly gunzTarPerm extractEntry test/main.js
88 silly gunzTarPerm modified mode [ 'test/main.js', 420, 438 ]
89 silly gunzTarPerm extractEntry test/document.js
90 silly gunzTarPerm modified mode [ 'test/document.js', 420, 438 ]
91 silly gunzTarPerm extractEntry test/node_attributes.js
92 silly gunzTarPerm modified mode [ 'test/node_attributes.js', 420, 438 ]
93 silly gunzTarPerm extractEntry test/ref_integrity.js
94 silly gunzTarPerm modified mode [ 'test/ref_integrity.js', 420, 438 ]
95 silly gunzTarPerm extractEntry test/searching.js
96 silly gunzTarPerm modified mode [ 'test/searching.js', 420, 438 ]
97 silly gunzTarPerm extractEntry test/text_node.js
98 silly gunzTarPerm modified mode [ 'test/text_node.js', 420, 438 ]
99 silly gunzTarPerm extractEntry test/traversal.js
100 silly gunzTarPerm modified mode [ 'test/traversal.js', 420, 438 ]
101 silly gunzTarPerm extractEntry test/comment.js
102 silly gunzTarPerm modified mode [ 'test/comment.js', 420, 438 ]
103 silly gunzTarPerm extractEntry test/xml_sax_parser.js
104 silly gunzTarPerm modified mode [ 'test/xml_sax_parser.js', 420, 438 ]
105 silly gunzTarPerm extractEntry test/namespace.js
106 silly gunzTarPerm modified mode [ 'test/namespace.js', 420, 438 ]
107 silly gunzTarPerm extractEntry test/fixtures/errors/comment.xml
108 silly gunzTarPerm modified mode [ 'test/fixtures/errors/comment.xml', 420, 438 ]
109 silly gunzTarPerm extractEntry test/fixtures/parser-utf16.xml
110 silly gunzTarPerm modified mode [ 'test/fixtures/parser-utf16.xml', 420, 438 ]
111 silly gunzTarPerm extractEntry test/fixtures/parser.euc_jp.html
112 silly gunzTarPerm modified mode [ 'test/fixtures/parser.euc_jp.html', 420, 438 ]
113 silly gunzTarPerm extractEntry test/fixtures/parser.html
114 silly gunzTarPerm modified mode [ 'test/fixtures/parser.html', 420, 438 ]
115 silly gunzTarPerm extractEntry test/fixtures/parser.xml
116 silly gunzTarPerm modified mode [ 'test/fixtures/parser.xml', 420, 438 ]
117 silly gunzTarPerm extractEntry test/fixtures/sax_parser.xml
118 silly gunzTarPerm modified mode [ 'test/fixtures/sax_parser.xml', 420, 438 ]
119 silly gunzTarPerm extractEntry test/fixtures/warnings/amp.html
120 silly gunzTarPerm modified mode [ 'test/fixtures/warnings/amp.html', 420, 438 ]
121 silly gunzTarPerm extractEntry test/fixtures/warnings/ent9.xml
122 silly gunzTarPerm modified mode [ 'test/fixtures/warnings/ent9.xml', 420, 438 ]
123 silly gunzTarPerm extractEntry .travis.yml
124 silly gunzTarPerm modified mode [ '.travis.yml', 420, 438 ]
125 silly gunzTarPerm extractEntry src/xml_element.h
126 silly gunzTarPerm modified mode [ 'src/xml_element.h', 420, 438 ]
127 silly gunzTarPerm extractEntry src/html_document.cc
128 silly gunzTarPerm modified mode [ 'src/html_document.cc', 420, 438 ]
129 silly gunzTarPerm extractEntry src/libxmljs.cc
130 silly gunzTarPerm modified mode [ 'src/libxmljs.cc', 420, 438 ]
131 silly gunzTarPerm extractEntry src/libxmljs.h
132 silly gunzTarPerm modified mode [ 'src/libxmljs.h', 420, 438 ]
133 silly gunzTarPerm extractEntry src/xml_attribute.cc
134 silly gunzTarPerm modified mode [ 'src/xml_attribute.cc', 420, 438 ]
135 silly gunzTarPerm extractEntry src/xml_attribute.h
136 silly gunzTarPerm modified mode [ 'src/xml_attribute.h', 420, 438 ]
137 silly gunzTarPerm extractEntry src/xml_comment.cc
138 silly gunzTarPerm modified mode [ 'src/xml_comment.cc', 420, 438 ]
139 silly gunzTarPerm extractEntry src/xml_comment.h
140 silly gunzTarPerm modified mode [ 'src/xml_comment.h', 420, 438 ]
141 silly gunzTarPerm extractEntry src/xml_document.cc
142 silly gunzTarPerm modified mode [ 'src/xml_document.cc', 420, 438 ]
143 silly gunzTarPerm extractEntry src/xml_document.h
144 silly gunzTarPerm modified mode [ 'src/xml_document.h', 420, 438 ]
145 silly gunzTarPerm extractEntry src/xml_element.cc
146 silly gunzTarPerm modified mode [ 'src/xml_element.cc', 420, 438 ]
147 silly gunzTarPerm extractEntry src/html_document.h
148 silly gunzTarPerm modified mode [ 'src/html_document.h', 420, 438 ]
149 silly gunzTarPerm extractEntry src/xml_namespace.cc
150 silly gunzTarPerm modified mode [ 'src/xml_namespace.cc', 420, 438 ]
151 silly gunzTarPerm extractEntry src/xml_namespace.h
152 silly gunzTarPerm modified mode [ 'src/xml_namespace.h', 420, 438 ]
153 silly gunzTarPerm extractEntry src/xml_node.cc
154 silly gunzTarPerm modified mode [ 'src/xml_node.cc', 420, 438 ]
155 silly gunzTarPerm extractEntry src/xml_node.h
156 silly gunzTarPerm modified mode [ 'src/xml_node.h', 420, 438 ]
157 silly gunzTarPerm extractEntry src/xml_sax_parser.cc
158 silly gunzTarPerm modified mode [ 'src/xml_sax_parser.cc', 420, 438 ]
159 silly gunzTarPerm extractEntry src/xml_sax_parser.h
160 silly gunzTarPerm modified mode [ 'src/xml_sax_parser.h', 420, 438 ]
161 silly gunzTarPerm extractEntry src/xml_syntax_error.cc
162 silly gunzTarPerm modified mode [ 'src/xml_syntax_error.cc', 420, 438 ]
163 silly gunzTarPerm extractEntry src/xml_syntax_error.h
164 silly gunzTarPerm modified mode [ 'src/xml_syntax_error.h', 420, 438 ]
165 silly gunzTarPerm extractEntry src/xml_xpath_context.cc
166 silly gunzTarPerm modified mode [ 'src/xml_xpath_context.cc', 420, 438 ]
167 silly gunzTarPerm extractEntry src/xml_xpath_context.h
168 silly gunzTarPerm modified mode [ 'src/xml_xpath_context.h', 420, 438 ]
169 silly gunzTarPerm extractEntry vendor/libxml/schematron.c
170 silly gunzTarPerm modified mode [ 'vendor/libxml/schematron.c', 420, 438 ]
171 silly gunzTarPerm extractEntry vendor/libxml/DOCBparser.c
172 silly gunzTarPerm modified mode [ 'vendor/libxml/DOCBparser.c', 420, 438 ]
173 silly gunzTarPerm extractEntry vendor/libxml/HTMLtree.c
174 silly gunzTarPerm modified mode [ 'vendor/libxml/HTMLtree.c', 420, 438 ]
175 silly gunzTarPerm extractEntry vendor/libxml/SAX.c
176 silly gunzTarPerm modified mode [ 'vendor/libxml/SAX.c', 420, 438 ]
177 silly gunzTarPerm extractEntry vendor/libxml/SAX2.c
178 silly gunzTarPerm modified mode [ 'vendor/libxml/SAX2.c', 420, 438 ]
179 silly gunzTarPerm extractEntry vendor/libxml/buf.c
180 silly gunzTarPerm modified mode [ 'vendor/libxml/buf.c', 420, 438 ]
181 silly gunzTarPerm extractEntry vendor/libxml/buf.h
182 silly gunzTarPerm modified mode [ 'vendor/libxml/buf.h', 420, 438 ]
183 silly gunzTarPerm extractEntry vendor/libxml/c14n.c
184 silly gunzTarPerm modified mode [ 'vendor/libxml/c14n.c', 420, 438 ]
185 silly gunzTarPerm extractEntry vendor/libxml/catalog.c
186 silly gunzTarPerm modified mode [ 'vendor/libxml/catalog.c', 420, 438 ]
187 silly gunzTarPerm extractEntry vendor/libxml/chvalid.c
188 silly gunzTarPerm modified mode [ 'vendor/libxml/chvalid.c', 420, 438 ]
189 silly gunzTarPerm extractEntry vendor/libxml/config.h
190 silly gunzTarPerm modified mode [ 'vendor/libxml/config.h', 420, 438 ]
191 silly gunzTarPerm extractEntry vendor/libxml/debugXML.c
192 silly gunzTarPerm modified mode [ 'vendor/libxml/debugXML.c', 420, 438 ]
193 silly gunzTarPerm extractEntry vendor/libxml/dict.c
194 silly gunzTarPerm modified mode [ 'vendor/libxml/dict.c', 420, 438 ]
195 silly gunzTarPerm extractEntry vendor/libxml/elfgcchack.h
196 silly gunzTarPerm modified mode [ 'vendor/libxml/elfgcchack.h', 420, 438 ]
197 silly gunzTarPerm extractEntry vendor/libxml/enc.h
198 silly gunzTarPerm modified mode [ 'vendor/libxml/enc.h', 420, 438 ]
199 silly gunzTarPerm extractEntry vendor/libxml/encoding.c
200 silly gunzTarPerm modified mode [ 'vendor/libxml/encoding.c', 420, 438 ]
201 silly gunzTarPerm extractEntry vendor/libxml/entities.c
202 silly gunzTarPerm modified mode [ 'vendor/libxml/entities.c', 420, 438 ]
203 silly gunzTarPerm extractEntry vendor/libxml/error.c
204 silly gunzTarPerm modified mode [ 'vendor/libxml/error.c', 420, 438 ]
205 silly gunzTarPerm extractEntry vendor/libxml/globals.c
206 silly gunzTarPerm modified mode [ 'vendor/libxml/globals.c', 420, 438 ]
207 silly gunzTarPerm extractEntry vendor/libxml/hash.c
208 silly gunzTarPerm modified mode [ 'vendor/libxml/hash.c', 420, 438 ]
209 silly gunzTarPerm extractEntry vendor/libxml/include/libxml/schematron.h
210 silly gunzTarPerm modified mode [ 'vendor/libxml/include/libxml/schematron.h', 420, 438 ]
211 silly gunzTarPerm extractEntry vendor/libxml/include/libxml/DOCBparser.h
212 silly gunzTarPerm modified mode [ 'vendor/libxml/include/libxml/DOCBparser.h', 420, 438 ]
213 silly gunzTarPerm extractEntry vendor/libxml/include/libxml/HTMLtree.h
214 silly gunzTarPerm modified mode [ 'vendor/libxml/include/libxml/HTMLtree.h', 420, 438 ]
215 silly gunzTarPerm extractEntry vendor/libxml/include/libxml/Makefile
216 silly gunzTarPerm modified mode [ 'vendor/libxml/include/libxml/Makefile', 420, 438 ]
217 silly gunzTarPerm extractEntry vendor/libxml/include/libxml/Makefile.am
218 silly gunzTarPerm modified mode [ 'vendor/libxml/include/libxml/Makefile.am', 420, 438 ]
219 silly gunzTarPerm extractEntry vendor/libxml/include/libxml/Makefile.in
220 silly gunzTarPerm modified mode [ 'vendor/libxml/include/libxml/Makefile.in', 420, 438 ]
221 silly gunzTarPerm extractEntry vendor/libxml/include/libxml/SAX.h
222 silly gunzTarPerm modified mode [ 'vendor/libxml/include/libxml/SAX.h', 420, 438 ]
223 silly gunzTarPerm extractEntry vendor/libxml/include/libxml/SAX2.h
224 silly gunzTarPerm modified mode [ 'vendor/libxml/include/libxml/SAX2.h', 420, 438 ]
225 silly gunzTarPerm extractEntry vendor/libxml/include/libxml/c14n.h
226 silly gunzTarPerm modified mode [ 'vendor/libxml/include/libxml/c14n.h', 420, 438 ]
227 silly gunzTarPerm extractEntry vendor/libxml/include/libxml/catalog.h
228 silly gunzTarPerm modified mode [ 'vendor/libxml/include/libxml/catalog.h', 420, 438 ]
229 silly gunzTarPerm extractEntry vendor/libxml/include/libxml/chvalid.h
230 silly gunzTarPerm modified mode [ 'vendor/libxml/include/libxml/chvalid.h', 420, 438 ]
231 silly gunzTarPerm extractEntry vendor/libxml/include/libxml/debugXML.h
232 silly gunzTarPerm modified mode [ 'vendor/libxml/include/libxml/debugXML.h', 420, 438 ]
233 silly gunzTarPerm extractEntry vendor/libxml/include/libxml/dict.h
234 silly gunzTarPerm modified mode [ 'vendor/libxml/include/libxml/dict.h', 420, 438 ]
235 silly gunzTarPerm extractEntry vendor/libxml/include/libxml/encoding.h
236 silly gunzTarPerm modified mode [ 'vendor/libxml/include/libxml/encoding.h', 420, 438 ]
237 silly gunzTarPerm extractEntry vendor/libxml/include/libxml/entities.h
238 silly gunzTarPerm modified mode [ 'vendor/libxml/include/libxml/entities.h', 420, 438 ]
239 silly gunzTarPerm extractEntry vendor/libxml/include/libxml/globals.h
240 silly gunzTarPerm modified mode [ 'vendor/libxml/include/libxml/globals.h', 420, 438 ]
241 silly gunzTarPerm extractEntry vendor/libxml/include/libxml/hash.h
242 silly gunzTarPerm modified mode [ 'vendor/libxml/include/libxml/hash.h', 420, 438 ]
243 silly gunzTarPerm extractEntry vendor/libxml/include/libxml/list.h
244 silly gunzTarPerm modified mode [ 'vendor/libxml/include/libxml/list.h', 420, 438 ]
245 silly gunzTarPerm extractEntry vendor/libxml/include/libxml/nanoftp.h
246 silly gunzTarPerm modified mode [ 'vendor/libxml/include/libxml/nanoftp.h', 420, 438 ]
247 silly gunzTarPerm extractEntry vendor/libxml/include/libxml/nanohttp.h
248 silly gunzTarPerm modified mode [ 'vendor/libxml/include/libxml/nanohttp.h', 420, 438 ]
249 silly gunzTarPerm extractEntry vendor/libxml/include/libxml/parser.h
250 silly gunzTarPerm modified mode [ 'vendor/libxml/include/libxml/parser.h', 420, 438 ]
251 silly gunzTarPerm extractEntry vendor/libxml/include/libxml/parserInternals.h
252 silly gunzTarPerm modified mode [ 'vendor/libxml/include/libxml/parserInternals.h', 420, 438 ]
253 silly gunzTarPerm extractEntry vendor/libxml/include/libxml/pattern.h
254 silly gunzTarPerm modified mode [ 'vendor/libxml/include/libxml/pattern.h', 420, 438 ]
255 silly gunzTarPerm extractEntry vendor/libxml/include/libxml/relaxng.h
256 silly gunzTarPerm modified mode [ 'vendor/libxml/include/libxml/relaxng.h', 420, 438 ]
257 silly gunzTarPerm extractEntry vendor/libxml/include/libxml/schemasInternals.h
258 silly gunzTarPerm modified mode [ 'vendor/libxml/include/libxml/schemasInternals.h', 420, 438 ]
259 silly gunzTarPerm extractEntry vendor/libxml/include/libxml/HTMLparser.h
260 silly gunzTarPerm modified mode [ 'vendor/libxml/include/libxml/HTMLparser.h', 420, 438 ]
261 silly gunzTarPerm extractEntry vendor/libxml/include/libxml/threads.h
262 silly gunzTarPerm modified mode [ 'vendor/libxml/include/libxml/threads.h', 420, 438 ]
263 silly gunzTarPerm extractEntry vendor/libxml/include/libxml/tree.h
264 silly gunzTarPerm modified mode [ 'vendor/libxml/include/libxml/tree.h', 420, 438 ]
265 silly gunzTarPerm extractEntry vendor/libxml/include/libxml/uri.h
266 silly gunzTarPerm modified mode [ 'vendor/libxml/include/libxml/uri.h', 420, 438 ]
267 silly gunzTarPerm extractEntry vendor/libxml/include/libxml/valid.h
268 silly gunzTarPerm modified mode [ 'vendor/libxml/include/libxml/valid.h', 420, 438 ]
269 silly gunzTarPerm extractEntry vendor/libxml/include/libxml/xinclude.h
270 silly gunzTarPerm modified mode [ 'vendor/libxml/include/libxml/xinclude.h', 420, 438 ]
271 silly gunzTarPerm extractEntry vendor/libxml/include/libxml/xlink.h
272 silly gunzTarPerm modified mode [ 'vendor/libxml/include/libxml/xlink.h', 420, 438 ]
273 silly gunzTarPerm extractEntry vendor/libxml/include/libxml/xmlIO.h
274 silly gunzTarPerm modified mode [ 'vendor/libxml/include/libxml/xmlIO.h', 420, 438 ]
275 silly gunzTarPerm extractEntry vendor/libxml/include/libxml/xmlautomata.h
276 silly gunzTarPerm modified mode [ 'vendor/libxml/include/libxml/xmlautomata.h', 420, 438 ]
277 silly gunzTarPerm extractEntry vendor/libxml/include/libxml/xmlerror.h
278 silly gunzTarPerm modified mode [ 'vendor/libxml/include/libxml/xmlerror.h', 420, 438 ]
279 silly gunzTarPerm extractEntry vendor/libxml/include/libxml/xmlexports.h
280 silly gunzTarPerm modified mode [ 'vendor/libxml/include/libxml/xmlexports.h', 420, 438 ]
281 silly gunzTarPerm extractEntry vendor/libxml/include/libxml/xmlmemory.h
282 silly gunzTarPerm modified mode [ 'vendor/libxml/include/libxml/xmlmemory.h', 420, 438 ]
283 silly gunzTarPerm extractEntry vendor/libxml/include/libxml/xmlmodule.h
284 silly gunzTarPerm modified mode [ 'vendor/libxml/include/libxml/xmlmodule.h', 420, 438 ]
285 silly gunzTarPerm extractEntry vendor/libxml/include/libxml/xmlreader.h
286 silly gunzTarPerm modified mode [ 'vendor/libxml/include/libxml/xmlreader.h', 420, 438 ]
287 silly gunzTarPerm extractEntry vendor/libxml/include/libxml/xmlregexp.h
288 silly gunzTarPerm modified mode [ 'vendor/libxml/include/libxml/xmlregexp.h', 420, 438 ]
289 silly gunzTarPerm extractEntry vendor/libxml/include/libxml/xmlsave.h
290 silly gunzTarPerm modified mode [ 'vendor/libxml/include/libxml/xmlsave.h', 420, 438 ]
291 silly gunzTarPerm extractEntry vendor/libxml/include/libxml/xmlschemas.h
292 silly gunzTarPerm modified mode [ 'vendor/libxml/include/libxml/xmlschemas.h', 420, 438 ]
293 silly gunzTarPerm extractEntry vendor/libxml/include/libxml/xmlschemastypes.h
294 silly gunzTarPerm modified mode [ 'vendor/libxml/include/libxml/xmlschemastypes.h', 420, 438 ]
295 silly gunzTarPerm extractEntry vendor/libxml/include/libxml/xmlstring.h
296 silly gunzTarPerm modified mode [ 'vendor/libxml/include/libxml/xmlstring.h', 420, 438 ]
297 silly gunzTarPerm extractEntry vendor/libxml/include/libxml/xmlunicode.h
298 silly gunzTarPerm modified mode [ 'vendor/libxml/include/libxml/xmlunicode.h', 420, 438 ]
299 silly gunzTarPerm extractEntry vendor/libxml/include/libxml/xmlversion.h
300 silly gunzTarPerm modified mode [ 'vendor/libxml/include/libxml/xmlversion.h', 420, 438 ]
301 silly gunzTarPerm extractEntry vendor/libxml/include/libxml/xmlwriter.h
302 silly gunzTarPerm modified mode [ 'vendor/libxml/include/libxml/xmlwriter.h', 420, 438 ]
303 silly gunzTarPerm extractEntry vendor/libxml/include/libxml/xpath.h
304 silly gunzTarPerm modified mode [ 'vendor/libxml/include/libxml/xpath.h', 420, 438 ]
305 silly gunzTarPerm extractEntry vendor/libxml/include/libxml/xpathInternals.h
306 silly gunzTarPerm modified mode [ 'vendor/libxml/include/libxml/xpathInternals.h', 420, 438 ]
307 silly gunzTarPerm extractEntry vendor/libxml/include/libxml/xpointer.h
308 silly gunzTarPerm modified mode [ 'vendor/libxml/include/libxml/xpointer.h', 420, 438 ]
309 silly gunzTarPerm extractEntry vendor/libxml/include/win32config.h
310 silly gunzTarPerm modified mode [ 'vendor/libxml/include/win32config.h', 420, 438 ]
311 silly gunzTarPerm extractEntry vendor/libxml/include/wsockcompat.h
312 silly gunzTarPerm modified mode [ 'vendor/libxml/include/wsockcompat.h', 420, 438 ]
313 silly gunzTarPerm extractEntry vendor/libxml/legacy.c
314 silly gunzTarPerm modified mode [ 'vendor/libxml/legacy.c', 420, 438 ]
315 silly gunzTarPerm extractEntry vendor/libxml/libxml.gyp
316 silly gunzTarPerm modified mode [ 'vendor/libxml/libxml.gyp', 420, 438 ]
317 silly gunzTarPerm extractEntry vendor/libxml/libxml.h
318 silly gunzTarPerm modified mode [ 'vendor/libxml/libxml.h', 420, 438 ]
319 silly gunzTarPerm extractEntry vendor/libxml/list.c
320 silly gunzTarPerm modified mode [ 'vendor/libxml/list.c', 420, 438 ]
321 silly gunzTarPerm extractEntry vendor/libxml/nanoftp.c
322 silly gunzTarPerm modified mode [ 'vendor/libxml/nanoftp.c', 420, 438 ]
323 silly gunzTarPerm extractEntry vendor/libxml/nanohttp.c
324 silly gunzTarPerm modified mode [ 'vendor/libxml/nanohttp.c', 420, 438 ]
325 silly gunzTarPerm extractEntry vendor/libxml/parser.c
326 silly gunzTarPerm modified mode [ 'vendor/libxml/parser.c', 420, 438 ]
327 silly gunzTarPerm extractEntry vendor/libxml/parserInternals.c
328 silly gunzTarPerm modified mode [ 'vendor/libxml/parserInternals.c', 420, 438 ]
329 silly gunzTarPerm extractEntry vendor/libxml/pattern.c
330 silly gunzTarPerm modified mode [ 'vendor/libxml/pattern.c', 420, 438 ]
331 silly gunzTarPerm extractEntry vendor/libxml/relaxng.c
332 silly gunzTarPerm modified mode [ 'vendor/libxml/relaxng.c', 420, 438 ]
333 silly gunzTarPerm extractEntry vendor/libxml/runsuite.c
334 silly gunzTarPerm modified mode [ 'vendor/libxml/runsuite.c', 420, 438 ]
335 silly gunzTarPerm extractEntry vendor/libxml/save.h
336 silly gunzTarPerm modified mode [ 'vendor/libxml/save.h', 420, 438 ]
337 silly gunzTarPerm extractEntry vendor/libxml/HTMLparser.c
338 silly gunzTarPerm modified mode [ 'vendor/libxml/HTMLparser.c', 420, 438 ]
339 silly gunzTarPerm extractEntry vendor/libxml/threads.c
340 silly gunzTarPerm modified mode [ 'vendor/libxml/threads.c', 420, 438 ]
341 silly gunzTarPerm extractEntry vendor/libxml/timsort.h
342 silly gunzTarPerm modified mode [ 'vendor/libxml/timsort.h', 420, 438 ]
343 silly gunzTarPerm extractEntry vendor/libxml/tree.c
344 silly gunzTarPerm modified mode [ 'vendor/libxml/tree.c', 420, 438 ]
345 silly gunzTarPerm extractEntry vendor/libxml/trio.c
346 silly gunzTarPerm modified mode [ 'vendor/libxml/trio.c', 420, 438 ]
347 silly gunzTarPerm extractEntry vendor/libxml/trio.h
348 silly gunzTarPerm modified mode [ 'vendor/libxml/trio.h', 420, 438 ]
349 silly gunzTarPerm extractEntry vendor/libxml/triodef.h
350 silly gunzTarPerm modified mode [ 'vendor/libxml/triodef.h', 420, 438 ]
351 silly gunzTarPerm extractEntry vendor/libxml/trionan.c
352 silly gunzTarPerm modified mode [ 'vendor/libxml/trionan.c', 420, 438 ]
353 silly gunzTarPerm extractEntry vendor/libxml/trionan.h
354 silly gunzTarPerm modified mode [ 'vendor/libxml/trionan.h', 420, 438 ]
355 silly gunzTarPerm extractEntry vendor/libxml/triop.h
356 silly gunzTarPerm modified mode [ 'vendor/libxml/triop.h', 420, 438 ]
357 silly gunzTarPerm extractEntry vendor/libxml/triostr.c
358 silly gunzTarPerm modified mode [ 'vendor/libxml/triostr.c', 420, 438 ]
359 silly gunzTarPerm extractEntry vendor/libxml/triostr.h
360 silly gunzTarPerm modified mode [ 'vendor/libxml/triostr.h', 420, 438 ]
361 silly gunzTarPerm extractEntry vendor/libxml/uri.c
362 silly gunzTarPerm modified mode [ 'vendor/libxml/uri.c', 420, 438 ]
363 silly gunzTarPerm extractEntry vendor/libxml/valid.c
364 silly gunzTarPerm modified mode [ 'vendor/libxml/valid.c', 420, 438 ]
365 silly gunzTarPerm extractEntry vendor/libxml/xinclude.c
366 silly gunzTarPerm modified mode [ 'vendor/libxml/xinclude.c', 420, 438 ]
367 silly gunzTarPerm extractEntry vendor/libxml/xlink.c
368 silly gunzTarPerm modified mode [ 'vendor/libxml/xlink.c', 420, 438 ]
369 silly gunzTarPerm extractEntry vendor/libxml/xmlIO.c
370 silly gunzTarPerm modified mode [ 'vendor/libxml/xmlIO.c', 420, 438 ]
371 silly gunzTarPerm extractEntry vendor/libxml/xmlcatalog.c
372 silly gunzTarPerm modified mode [ 'vendor/libxml/xmlcatalog.c', 420, 438 ]
373 silly gunzTarPerm extractEntry vendor/libxml/xmllint.c
374 silly gunzTarPerm modified mode [ 'vendor/libxml/xmllint.c', 420, 438 ]
375 silly gunzTarPerm extractEntry vendor/libxml/xmlmemory.c
376 silly gunzTarPerm modified mode [ 'vendor/libxml/xmlmemory.c', 420, 438 ]
377 silly gunzTarPerm extractEntry vendor/libxml/xmlmodule.c
378 silly gunzTarPerm modified mode [ 'vendor/libxml/xmlmodule.c', 420, 438 ]
379 silly gunzTarPerm extractEntry vendor/libxml/xmlreader.c
380 silly gunzTarPerm modified mode [ 'vendor/libxml/xmlreader.c', 420, 438 ]
381 silly gunzTarPerm extractEntry vendor/libxml/xmlregexp.c
382 silly gunzTarPerm modified mode [ 'vendor/libxml/xmlregexp.c', 420, 438 ]
383 silly gunzTarPerm extractEntry vendor/libxml/xmlsave.c
384 silly gunzTarPerm modified mode [ 'vendor/libxml/xmlsave.c', 420, 438 ]
385 silly gunzTarPerm extractEntry vendor/libxml/xmlschemas.c
386 silly gunzTarPerm modified mode [ 'vendor/libxml/xmlschemas.c', 420, 438 ]
387 silly gunzTarPerm extractEntry vendor/libxml/xmlschemastypes.c
388 silly gunzTarPerm modified mode [ 'vendor/libxml/xmlschemastypes.c', 420, 438 ]
389 silly gunzTarPerm extractEntry vendor/libxml/xmlstring.c
390 silly gunzTarPerm modified mode [ 'vendor/libxml/xmlstring.c', 420, 438 ]
391 silly gunzTarPerm extractEntry vendor/libxml/xmlunicode.c
392 silly gunzTarPerm modified mode [ 'vendor/libxml/xmlunicode.c', 420, 438 ]
393 silly gunzTarPerm extractEntry vendor/libxml/xmlwriter.c
394 silly gunzTarPerm modified mode [ 'vendor/libxml/xmlwriter.c', 420, 438 ]
395 silly gunzTarPerm extractEntry vendor/libxml/xpath.c
396 silly gunzTarPerm modified mode [ 'vendor/libxml/xpath.c', 420, 438 ]
397 silly gunzTarPerm extractEntry vendor/libxml/xpointer.c
398 silly gunzTarPerm modified mode [ 'vendor/libxml/xpointer.c', 420, 438 ]
399 silly gunzTarPerm extractEntry vendor/libxml/xzlib.c
400 silly gunzTarPerm modified mode [ 'vendor/libxml/xzlib.c', 420, 438 ]
401 silly gunzTarPerm extractEntry vendor/libxml/xzlib.h
402 silly gunzTarPerm modified mode [ 'vendor/libxml/xzlib.h', 420, 438 ]
403 info preinstall libxmljs@0.13.0
404 silly prepareForInstallMany adding bindings@1.1.1 from libxmljs dependencies
405 silly prepareForInstallMany adding nan@1.5.1 from libxmljs dependencies
406 silly cache add args [ 'bindings@1.1.1', null ]
407 verbose cache add spec bindings@1.1.1
408 silly cache add args [ 'nan@1.5.1', null ]
409 verbose cache add spec nan@1.5.1
410 silly cache add parsed spec { raw: 'bindings@1.1.1',
410 silly cache add   scope: null,
410 silly cache add   name: 'bindings',
410 silly cache add   rawSpec: '1.1.1',
410 silly cache add   spec: '1.1.1',
410 silly cache add   type: 'version' }
411 verbose addNamed bindings@1.1.1
412 silly addNamed semver.valid 1.1.1
413 silly addNamed semver.validRange 1.1.1
414 verbose mapToRegistry name bindings
415 verbose mapToRegistry uri https://registry.npmjs.org/bindings
416 verbose addNameVersion registry:https://registry.npmjs.org/bindings not in flight; fetching
417 silly cache add parsed spec { raw: 'nan@1.5.1',
417 silly cache add   scope: null,
417 silly cache add   name: 'nan',
417 silly cache add   rawSpec: '1.5.1',
417 silly cache add   spec: '1.5.1',
417 silly cache add   type: 'version' }
418 verbose addNamed nan@1.5.1
419 silly addNamed semver.valid 1.5.1
420 silly addNamed semver.validRange 1.5.1
421 verbose mapToRegistry name nan
422 verbose mapToRegistry uri https://registry.npmjs.org/nan
423 verbose addNameVersion registry:https://registry.npmjs.org/nan not in flight; fetching
424 verbose request on initialization, where is /bindings
425 verbose request after pass 1, where is /bindings
426 verbose request url raw /bindings
427 verbose request resolving registry [ 'https://registry.npmjs.org/', './bindings' ]
428 verbose request after pass 2, where is https://registry.npmjs.org/bindings
429 verbose request no auth needed
430 info attempt registry request try #1 at 00:16:02
431 verbose etag "BJGP1201ZXLWX88VO1W0N0YSR"
432 http request GET https://registry.npmjs.org/bindings
433 verbose request on initialization, where is /nan
434 verbose request after pass 1, where is /nan
435 verbose request url raw /nan
436 verbose request resolving registry [ 'https://registry.npmjs.org/', './nan' ]
437 verbose request after pass 2, where is https://registry.npmjs.org/nan
438 verbose request no auth needed
439 info attempt registry request try #1 at 00:16:02
440 verbose etag "51SURNCGIENYFI8A9TJKVDMTW"
441 http request GET https://registry.npmjs.org/nan
442 http 304 https://registry.npmjs.org/nan
443 silly registry.get cb [ 304,
443 silly registry.get   { date: 'Tue, 03 Feb 2015 22:16:04 GMT',
443 silly registry.get     server: 'Apache',
443 silly registry.get     via: '1.1 varnish',
443 silly registry.get     'last-modified': 'Tue, 03 Feb 2015 22:16:04 GMT',
443 silly registry.get     'cache-control': 'max-age=60',
443 silly registry.get     etag: '"51SURNCGIENYFI8A9TJKVDMTW"',
443 silly registry.get     age: '3',
443 silly registry.get     'x-served-by': 'cache-fra1234-FRA',
443 silly registry.get     'x-cache': 'HIT',
443 silly registry.get     'x-cache-hits': '1',
443 silly registry.get     'x-timer': 'S1423001764.845160,VS0,VE0',
443 silly registry.get     vary: 'Accept',
443 silly registry.get     'content-length': '0',
443 silly registry.get     'keep-alive': 'timeout=10, max=50',
443 silly registry.get     connection: 'Keep-Alive' } ]
444 verbose etag https://registry.npmjs.org/nan from cache
445 http 304 https://registry.npmjs.org/bindings
446 silly registry.get cb [ 304,
446 silly registry.get   { date: 'Tue, 03 Feb 2015 22:16:04 GMT',
446 silly registry.get     server: 'Apache',
446 silly registry.get     via: '1.1 varnish',
446 silly registry.get     'last-modified': 'Tue, 03 Feb 2015 22:16:04 GMT',
446 silly registry.get     'cache-control': 'max-age=60',
446 silly registry.get     etag: '"BJGP1201ZXLWX88VO1W0N0YSR"',
446 silly registry.get     age: '43',
446 silly registry.get     'x-served-by': 'cache-fra1247-FRA',
446 silly registry.get     'x-cache': 'HIT',
446 silly registry.get     'x-cache-hits': '1',
446 silly registry.get     'x-timer': 'S1423001764.847414,VS0,VE0',
446 silly registry.get     vary: 'Accept',
446 silly registry.get     'content-length': '0',
446 silly registry.get     'keep-alive': 'timeout=10, max=50',
446 silly registry.get     connection: 'Keep-Alive' } ]
447 verbose etag https://registry.npmjs.org/bindings from cache
448 silly cache afterAdd nan@1.5.1
449 verbose afterAdd C:\Users\gg\AppData\Roaming\npm-cache\nan\1.5.1\package\package.json not in flight; writing
450 silly cache afterAdd bindings@1.1.1
451 verbose afterAdd C:\Users\gg\AppData\Roaming\npm-cache\bindings\1.1.1\package\package.json not in flight; writing
452 verbose afterAdd C:\Users\gg\AppData\Roaming\npm-cache\nan\1.5.1\package\package.json written
453 verbose afterAdd C:\Users\gg\AppData\Roaming\npm-cache\bindings\1.1.1\package\package.json written
454 silly install resolved [ { name: 'nan',
454 silly install resolved     version: '1.5.1',
454 silly install resolved     description: 'Native Abstractions for Node.js: C++ header for Node 0.8->0.12 compatibility',
454 silly install resolved     main: 'include_dirs.js',
454 silly install resolved     repository: { type: 'git', url: 'git://github.com/rvagg/nan.git' },
454 silly install resolved     scripts:
454 silly install resolved      { test: 'tap --gc test/js/*-test.js',
454 silly install resolved        'rebuild-tests': 'node-gyp rebuild --directory test' },
454 silly install resolved     contributors:
454 silly install resolved      [ [Object],
454 silly install resolved        [Object],
454 silly install resolved        [Object],
454 silly install resolved        [Object],
454 silly install resolved        [Object],
454 silly install resolved        [Object],
454 silly install resolved        [Object] ],
454 silly install resolved     devDependencies:
454 silly install resolved      { bindings: '~1.2.1',
454 silly install resolved        'node-gyp': '~1.0.2',
454 silly install resolved        tap: '~0.4.13',
454 silly install resolved        xtend: '~4.0.0' },
454 silly install resolved     license: 'MIT',
454 silly install resolved     gitHead: 'd05708b0aa6afebe9363b9f34cc5958d2af771f3',
454 silly install resolved     bugs: { url: 'https://github.com/rvagg/nan/issues' },
454 silly install resolved     homepage: 'https://github.com/rvagg/nan',
454 silly install resolved     _id: 'nan@1.5.1',
454 silly install resolved     _shasum: 'a565e4d4143cb49afdd3fe07e4c8aeaa1e7e0603',
454 silly install resolved     _from: 'nan@1.5.1',
454 silly install resolved     _npmVersion: '2.1.6',
454 silly install resolved     _nodeVersion: '0.10.33',
454 silly install resolved     _npmUser: { name: 'rvagg', email: 'rod@vagg.org' },
454 silly install resolved     maintainers: [ [Object], [Object] ],
454 silly install resolved     dist:
454 silly install resolved      { shasum: 'a565e4d4143cb49afdd3fe07e4c8aeaa1e7e0603',
454 silly install resolved        tarball: 'http://registry.npmjs.org/nan/-/nan-1.5.1.tgz' },
454 silly install resolved     directories: {},
454 silly install resolved     _resolved: 'https://registry.npmjs.org/nan/-/nan-1.5.1.tgz',
454 silly install resolved     readme: 'ERROR: No README data found!' },
454 silly install resolved   { name: 'bindings',
454 silly install resolved     description: 'Helper module for loading your native module\'s .node file',
454 silly install resolved     keywords: [ 'native', 'addon', 'bindings', 'gyp', 'waf', 'c', 'c++' ],
454 silly install resolved     version: '1.1.1',
454 silly install resolved     author:
454 silly install resolved      { name: 'Nathan Rajlich',
454 silly install resolved        email: 'nathan@tootallnate.net',
454 silly install resolved        url: 'http://tootallnate.net' },
454 silly install resolved     repository:
454 silly install resolved      { type: 'git',
454 silly install resolved        url: 'git://github.com/TooTallNate/node-bindings.git' },
454 silly install resolved     main: './bindings.js',
454 silly install resolved     bugs: { url: 'https://github.com/TooTallNate/node-bindings/issues' },
454 silly install resolved     _id: 'bindings@1.1.1',
454 silly install resolved     dist:
454 silly install resolved      { shasum: '951f7ae010302ffc50b265b124032017ed2bf6f3',
454 silly install resolved        tarball: 'http://registry.npmjs.org/bindings/-/bindings-1.1.1.tgz' },
454 silly install resolved     _from: 'bindings@1.1.1',
454 silly install resolved     _npmVersion: '1.3.2',
454 silly install resolved     _npmUser: { name: 'tootallnate', email: 'nathan@tootallnate.net' },
454 silly install resolved     maintainers: [ [Object], [Object] ],
454 silly install resolved     directories: {},
454 silly install resolved     _shasum: '951f7ae010302ffc50b265b124032017ed2bf6f3',
454 silly install resolved     _resolved: 'https://registry.npmjs.org/bindings/-/bindings-1.1.1.tgz',
454 silly install resolved     readme: 'ERROR: No README data found!',
454 silly install resolved     homepage: 'https://github.com/TooTallNate/node-bindings' } ]
455 info install nan@1.5.1 into C:\Users\gg\IdeaProjects\judgelustration\node_modules\libxmljs
456 info install bindings@1.1.1 into C:\Users\gg\IdeaProjects\judgelustration\node_modules\libxmljs
457 info installOne nan@1.5.1
458 verbose installOne of nan to C:\Users\gg\IdeaProjects\judgelustration\node_modules\libxmljs not in flight; installing
459 info installOne bindings@1.1.1
460 verbose installOne of bindings to C:\Users\gg\IdeaProjects\judgelustration\node_modules\libxmljs not in flight; installing
461 verbose lock using C:\Users\gg\AppData\Roaming\npm-cache\_locks\bindings-6429fcc06c106142.lock for C:\Users\gg\IdeaProjects\judgelustration\node_modules\libxmljs\node_modules\bindings
462 verbose lock using C:\Users\gg\AppData\Roaming\npm-cache\_locks\nan-947297fa3f91b8fa.lock for C:\Users\gg\IdeaProjects\judgelustration\node_modules\libxmljs\node_modules\nan
463 silly install write writing bindings 1.1.1 to C:\Users\gg\IdeaProjects\judgelustration\node_modules\libxmljs\node_modules\bindings
464 silly cache addNamed cb bindings@1.1.1
465 verbose unbuild node_modules\libxmljs\node_modules\bindings
466 silly install write writing nan 1.5.1 to C:\Users\gg\IdeaProjects\judgelustration\node_modules\libxmljs\node_modules\nan
467 silly cache addNamed cb nan@1.5.1
468 verbose unbuild node_modules\libxmljs\node_modules\nan
469 verbose gentlyRm vacuuming C:\Users\gg\IdeaProjects\judgelustration\node_modules\libxmljs\node_modules\bindings
470 verbose gentlyRm vacuuming C:\Users\gg\IdeaProjects\judgelustration\node_modules\libxmljs\node_modules\nan
471 verbose tar unpack C:\Users\gg\AppData\Roaming\npm-cache\bindings\1.1.1\package.tgz
472 verbose tar unpacking to C:\Users\gg\IdeaProjects\judgelustration\node_modules\libxmljs\node_modules\bindings
473 verbose gentlyRm vacuuming C:\Users\gg\IdeaProjects\judgelustration\node_modules\libxmljs\node_modules\bindings
474 verbose tar unpack C:\Users\gg\AppData\Roaming\npm-cache\nan\1.5.1\package.tgz
475 verbose tar unpacking to C:\Users\gg\IdeaProjects\judgelustration\node_modules\libxmljs\node_modules\nan
476 verbose gentlyRm vacuuming C:\Users\gg\IdeaProjects\judgelustration\node_modules\libxmljs\node_modules\nan
477 silly gunzTarPerm modes [ '777', '666' ]
478 silly gunzTarPerm modes [ '777', '666' ]
479 silly gunzTarPerm extractEntry package.json
480 silly gunzTarPerm modified mode [ 'package.json', 420, 438 ]
481 silly gunzTarPerm extractEntry package.json
482 silly gunzTarPerm modified mode [ 'package.json', 436, 438 ]
483 silly gunzTarPerm extractEntry README.md
484 silly gunzTarPerm modified mode [ 'README.md', 436, 438 ]
485 silly gunzTarPerm extractEntry include_dirs.js
486 silly gunzTarPerm modified mode [ 'include_dirs.js', 420, 438 ]
487 silly gunzTarPerm extractEntry README.md
488 silly gunzTarPerm modified mode [ 'README.md', 420, 438 ]
489 silly gunzTarPerm extractEntry bindings.js
490 silly gunzTarPerm modified mode [ 'bindings.js', 420, 438 ]
491 silly gunzTarPerm extractEntry LICENSE.md
492 silly gunzTarPerm modified mode [ 'LICENSE.md', 420, 438 ]
493 silly gunzTarPerm extractEntry .dntrc
494 silly gunzTarPerm modified mode [ '.dntrc', 436, 438 ]
495 silly gunzTarPerm extractEntry appveyor.yml
496 silly gunzTarPerm modified mode [ 'appveyor.yml', 420, 438 ]
497 silly gunzTarPerm extractEntry nan.h
498 silly gunzTarPerm modified mode [ 'nan.h', 436, 438 ]
499 silly gunzTarPerm extractEntry nan_implementation_12_inl.h
500 silly gunzTarPerm modified mode [ 'nan_implementation_12_inl.h', 436, 438 ]
501 info preinstall bindings@1.1.1
502 silly install resolved []
503 verbose about to build C:\Users\gg\IdeaProjects\judgelustration\node_modules\libxmljs\node_modules\bindings
504 info build C:\Users\gg\IdeaProjects\judgelustration\node_modules\libxmljs\node_modules\bindings
505 verbose linkStuff [ false,
505 verbose linkStuff   false,
505 verbose linkStuff   false,
505 verbose linkStuff   'C:\\Users\\gg\\IdeaProjects\\judgelustration\\node_modules\\libxmljs\\node_modules' ]
506 info linkStuff bindings@1.1.1
507 verbose linkBins bindings@1.1.1
508 verbose linkMans bindings@1.1.1
509 verbose rebuildBundles bindings@1.1.1
510 info install bindings@1.1.1
511 info postinstall bindings@1.1.1
512 silly gunzTarPerm extractEntry nan_implementation_pre_12_inl.h
513 silly gunzTarPerm modified mode [ 'nan_implementation_pre_12_inl.h', 436, 438 ]
514 silly gunzTarPerm extractEntry nan_new.h
515 silly gunzTarPerm modified mode [ 'nan_new.h', 436, 438 ]
516 verbose unlock done using C:\Users\gg\AppData\Roaming\npm-cache\_locks\bindings-6429fcc06c106142.lock for C:\Users\gg\IdeaProjects\judgelustration\node_modules\libxmljs\node_modules\bindings
517 silly gunzTarPerm extractEntry CHANGELOG.md
518 silly gunzTarPerm modified mode [ 'CHANGELOG.md', 436, 438 ]
519 info preinstall nan@1.5.1
520 silly install resolved []
521 verbose about to build C:\Users\gg\IdeaProjects\judgelustration\node_modules\libxmljs\node_modules\nan
522 info build C:\Users\gg\IdeaProjects\judgelustration\node_modules\libxmljs\node_modules\nan
523 verbose linkStuff [ false,
523 verbose linkStuff   false,
523 verbose linkStuff   false,
523 verbose linkStuff   'C:\\Users\\gg\\IdeaProjects\\judgelustration\\node_modules\\libxmljs\\node_modules' ]
524 info linkStuff nan@1.5.1
525 verbose linkBins nan@1.5.1
526 verbose linkMans nan@1.5.1
527 verbose rebuildBundles nan@1.5.1
528 info install nan@1.5.1
529 info postinstall nan@1.5.1
530 verbose unlock done using C:\Users\gg\AppData\Roaming\npm-cache\_locks\nan-947297fa3f91b8fa.lock for C:\Users\gg\IdeaProjects\judgelustration\node_modules\libxmljs\node_modules\nan
531 verbose about to build C:\Users\gg\IdeaProjects\judgelustration\node_modules\libxmljs
532 info build C:\Users\gg\IdeaProjects\judgelustration\node_modules\libxmljs
533 verbose linkStuff [ false,
533 verbose linkStuff   false,
533 verbose linkStuff   false,
533 verbose linkStuff   'C:\\Users\\gg\\IdeaProjects\\judgelustration\\node_modules' ]
534 info linkStuff libxmljs@0.13.0
535 verbose linkBins libxmljs@0.13.0
536 verbose linkMans libxmljs@0.13.0
537 verbose rebuildBundles libxmljs@0.13.0
538 verbose rebuildBundles [ 'bindings', 'nan' ]
539 info install libxmljs@0.13.0
540 verbose unsafe-perm in lifecycle true
541 info libxmljs@0.13.0 Failed to exec install script
542 verbose unlock done using C:\Users\gg\AppData\Roaming\npm-cache\_locks\libxmljs-e30bf487e05229b8.lock for C:\Users\gg\IdeaProjects\judgelustration\node_modules\libxmljs
543 verbose stack Error: libxmljs@0.13.0 install: `node-gyp rebuild`
543 verbose stack Exit status 1
543 verbose stack     at ChildProcess.<anonymous> (C:\Program Files\nodejs\node_modules\npm\lib\utils\lifecycle.js:212:16)
543 verbose stack     at ChildProcess.emit (events.js:98:17)
543 verbose stack     at maybeClose (child_process.js:756:16)
543 verbose stack     at Process.ChildProcess._handle.onexit (child_process.js:823:5)
544 verbose pkgid libxmljs@0.13.0
545 verbose cwd C:\Users\gg\IdeaProjects\judgelustration
546 error Windows_NT 6.1.7601
547 error argv "C:\\Program Files\\nodejs\\\\node.exe" "C:\\Program Files\\nodejs\\node_modules\\npm\\bin\\npm-cli.js" "install" "libxmljs"
548 error node v0.10.32
549 error npm  v2.1.4
550 error code ELIFECYCLE
551 error libxmljs@0.13.0 install: `node-gyp rebuild`
551 error Exit status 1
552 error Failed at the libxmljs@0.13.0 install script.
552 error This is most likely a problem with the libxmljs package,
552 error not with npm itself.
552 error Tell the author that this fails on your system:
552 error     node-gyp rebuild
552 error You can get their info via:
552 error     npm owner ls libxmljs
552 error There is likely additional logging output above.
553 verbose exit [ 1, true ]
554 verbose unbuild node_modules\libxmljs
555 info preuninstall libxmljs@0.13.0
556 info uninstall libxmljs@0.13.0
557 verbose unbuild rmStuff libxmljs@0.13.0 from C:\Users\gg\IdeaProjects\judgelustration\node_modules
558 info postuninstall libxmljs@0.13.0
559 verbose gentlyRm vacuuming C:\Users\gg\IdeaProjects\judgelustration\node_modules\libxmljs
560 silly gentlyRm purging C:\Users\gg\IdeaProjects\judgelustration\node_modules\libxmljs
561 silly gentlyRm quitting because other entries in C:\Users\gg\IdeaProjects\judgelustration\node_modules
